
[2017-04-28 03:59:43] auth.ERROR: invalid_credentials {"email":"544328084@qq.com","status":401} []
[2017-04-28 04:00:41] auth.INFO: ok {"email":"544328084@qq.com","status":200} []
[2017-04-28 04:02:14] auth.INFO: ok {"email":"544328084@qq.com","status":200} []
[2017-04-28 04:08:58] auth.INFO: ok {"email":"544328084@qq.com","status":200} []
[2017-04-28 04:09:29] auth.INFO: ok {"email":"544328084@qq.com","status":200} []
[2017-04-28 04:12:09] auth.INFO: ok {"email":"544328084@qq.com","status":200} []
[2017-04-28 04:22:49] auth.INFO: ok {"email":"544328084@qq.com","status":200} []
[2017-04-28 04:22:59] auth.INFO: ok {"email":"544328084@qq.com","status":200} []
[2017-04-28 04:23:23] auth.INFO: ok {"email":"544328084@qq.com","status":200} []
[2017-04-28 04:23:52] auth.INFO: ok {"email":"544328084@qq.com","status":200} []
[2017-04-28 04:26:06] auth.INFO: ok {"email":"544328084@qq.com","status":200} []
[2017-04-28 04:27:48] auth.INFO: ok {"email":"544328084@qq.com","status":200} []
[2017-04-28 04:38:51] auth.INFO: ok {"email":"544328084@qq.com","status":200} []
[2017-04-28 05:04:47] auth.ERROR: invalid_credentials {"email":"544328084@qq.com","status":401} []
[2017-04-28 05:05:16] auth.ERROR: invalid_credentials {"email":"544328084@qq.com","status":401} []
[2017-04-28 05:05:32] auth.ERROR: invalid_credentials {"email":"544328084@qq.com","status":401} []
[2017-04-28 05:06:17] auth.ERROR: invalid_credentials {"email":"544328084@qq.com","status":401} []
[2017-04-28 05:06:32] auth.ERROR: invalid_credentials {"email":"544328084@qq.com","status":401} []
[2017-04-28 05:08:02] auth.ERROR: invalid_credentials {"email":"544328084@qq.com","status":401} []
[2017-04-28 05:08:11] auth.ERROR: invalid_credentials {"email":"544328084@qq.com","status":401} []
[2017-04-28 11:44:41] auth.INFO: ok {"email":"544328084@qq.com","status":200} []
[2017-04-28 11:44:48] auth.INFO: ok {"email":"544328084@qq.com","status":200} []
[2017-04-28 11:49:37] auth.INFO: ok {"email":"544328084@qq.com","status":200} []
[2017-04-28 12:08:13] auth.INFO: ok {"email":"544328084@qq.com","status":200} []
[2017-04-28 12:16:26] auth.INFO: ok {"email":"544328084@qq.com","status":200} []
[2017-05-01 03:58:03] auth.ERROR: invalid_credentials {"email":"544328084@qq.com","status":401} []
[2017-05-01 03:58:11] auth.INFO: ok {"email":"544328084@qq.com","status":200} []
[2017-05-01 05:54:38] auth.INFO: ok {"email":"544328084@qq.com","status":200} []
[2017-05-01 07:02:17] auth.INFO: ok {"email":"544328084@qq.com","status":200} []
[2017-05-01 08:02:54] auth.INFO: ok {"email":"544328084@qq.com","status":200} []
[2017-05-01 09:27:06] auth.INFO: ok {"email":"544328084@qq.com","status":200} []
[2017-05-01 10:30:32] auth.INFO: ok {"email":"544328084@qq.com","status":200} []
[2017-05-02 02:52:57] auth.INFO: ok {"email":"544328084@qq.com","status":200} []
[2017-05-02 15:41:40] auth.ERROR: invalid_credentials {"email":"544328084@qq.com","status":401} []
[2017-05-02 15:41:50] auth.INFO: ok {"email":"544328084@qq.com","status":200} []
[2017-05-02 17:20:01] auth.INFO: ok {"email":"544328084@qq.com","status":200} []
[2017-05-02 17:32:07] auth.INFO: ok {"email":"544328084@qq.com","status":200} []
[2017-05-02 17:32:40] auth.ERROR: invalid_credentials {"email":"544328084@qq.com","status":401} []
[2017-05-02 17:32:45] auth.INFO: ok {"email":"544328084@qq.com","status":200} []
[2017-05-03 11:15:00] auth.INFO: ok {"email":"544328084@qq.com","status":200} []
[2017-05-03 11:21:08] auth.ERROR: invalid_credentials {"email":"544328084@qq.com","status":401} []
[2017-05-03 11:21:13] auth.INFO: ok {"email":"544328084@qq.com","status":200} []
[2017-05-12 18:17:29] auth.INFO: ok {"email":"544328084@qq.com","status":200} []
[2017-05-12 18:23:03] auth.INFO: ok {"email":"544328084@qq.com","status":200} []
[2017-07-05 09:49:48] auth.INFO: ok {"email":"544328084@qq.com","status":200} []
[2017-07-05 13:36:21] auth.INFO: ok {"username":"mars","status":200} []
[2017-07-13 17:20:33] auth.ERROR: invalid_credentials {"username":null,"status":401} []
[2017-07-13 17:25:57] auth.ERROR: invalid_credentials {"username":null,"status":401} []
[2017-07-13 17:26:07] auth.ERROR: invalid_credentials {"username":null,"status":401} []
[2017-07-13 17:29:51] auth.ERROR: invalid_credentials {"username":null,"status":401} []
[2017-07-13 17:31:25] auth.ERROR: invalid_credentials {"username":null,"status":401} []
[2017-07-13 17:52:44] auth.INFO: ok {"username":null,"status":200} []
[2017-07-13 17:53:30] auth.INFO: ok {"username":null,"status":200} []
[2017-07-13 17:58:34] auth.ERROR: invalid_credentials {"username":null,"status":401} []
[2017-07-13 17:59:55] auth.INFO: ok {"username":null,"status":200} []
[2017-07-13 18:00:20] auth.INFO: ok {"username":null,"status":200} []
[2017-07-14 09:22:43] auth.ERROR: invalid_credentials {"username":null,"status":401} []
[2017-07-14 09:52:43] auth.ERROR: invalid_credentials {"username":null,"status":401} []
[2017-07-14 10:18:17] auth.ERROR: invalid_credentials {"username":null,"status":401} []
[2017-07-14 10:18:45] auth.ERROR: invalid_credentials {"username":null,"status":401} []
[2017-07-14 10:21:03] auth.ERROR: invalid_credentials {"username":null,"status":401} []
[2017-07-14 10:29:27] auth.ERROR: invalid_credentials {"username":null,"status":401} []
[2017-07-14 10:31:54] auth.ERROR: invalid_credentials {"username":null,"status":401} []
[2017-07-14 10:41:47] auth.ERROR: invalid_credentials {"username":null,"status":401} []
[2017-07-14 10:55:13] auth.INFO: ok {"username":null,"status":200} []
[2017-07-14 11:22:42] auth.ERROR: invalid_credentials {"username":null,"status":401} []
[2017-07-14 11:23:15] auth.INFO: ok {"username":null,"status":200} []
